Cannot load Xdebug - it was already loaded
Starting sync from Pokédex #1 (API offset 0) with limit 1025.
Cannot load Xdebug - it was already loaded
Starting sync from Pokédex #1 (API offset 0) with limit 1025.
[1/1025] Updated #1 bulbasaur
[2/1025] Updated #2 ivysaur
[3/1025] Updated #3 venusaur
[4/1025] Updated #4 charmander
[5/1025] Updated #5 charmeleon
[6/1025] Updated #6 charizard
[7/1025] Updated #7 squirtle
[8/1025] Updated #8 wartortle
[9/1025] Updated #9 blastoise
[10/1025] Updated #10 caterpie
[11/1025] Updated #11 metapod
[12/1025] Updated #12 butterfree
[13/1025] Updated #13 weedle
[14/1025] Updated #14 kakuna
[15/1025] Updated #15 beedrill
[16/1025] Updated #16 pidgey
[17/1025] Updated #17 pidgeotto
[18/1025] Updated #18 pidgeot
[19/1025] Updated #19 rattata
[20/1025] Updated #20 raticate
[21/1025] Updated #21 spearow
[22/1025] Updated #22 fearow
[23/1025] Updated #23 ekans
[24/1025] Updated #24 arbok
[25/1025] Updated #25 pikachu
[26/1025] Updated #26 raichu
[27/1025] Updated #27 sandshrew
[28/1025] Updated #28 sandslash
[29/1025] Updated #29 nidoran-f
[30/1025] Updated #30 nidorina
[31/1025] Updated #31 nidoqueen
[32/1025] Updated #32 nidoran-m
[33/1025] Updated #33 nidorino
[34/1025] Updated #34 nidoking
[35/1025] Updated #35 clefairy
[36/1025] Updated #36 clefable
[37/1025] Updated #37 vulpix
[38/1025] Updated #38 ninetales
[39/1025] Updated #39 jigglypuff
[40/1025] Updated #40 wigglytuff
[41/1025] Updated #41 zubat
[42/1025] Updated #42 golbat
[43/1025] Updated #43 oddish
[44/1025] Updated #44 gloom
[45/1025] Updated #45 vileplume
[46/1025] Updated #46 paras
[47/1025] Updated #47 parasect
[48/1025] Updated #48 venonat
[49/1025] Updated #49 venomoth
[50/1025] Updated #50 diglett
[51/1025] Updated #51 dugtrio
[52/1025] Updated #52 meowth
[53/1025] Updated #53 persian
[54/1025] Updated #54 psyduck
[55/1025] Updated #55 golduck
[56/1025] Updated #56 mankey
[57/1025] Updated #57 primeape
[58/1025] Updated #58 growlithe
[59/1025] Updated #59 arcanine
[60/1025] Updated #60 poliwag
[61/1025] Updated #61 poliwhirl
[62/1025] Updated #62 poliwrath
[63/1025] Updated #63 abra
[64/1025] Updated #64 kadabra
[65/1025] Updated #65 alakazam
[66/1025] Updated #66 machop
[67/1025] Updated #67 machoke
[68/1025] Updated #68 machamp
[69/1025] Updated #69 bellsprout
[70/1025] Updated #70 weepinbell
[71/1025] Updated #71 victreebel
[72/1025] Updated #72 tentacool
[73/1025] Updated #73 tentacruel
[74/1025] Updated #74 geodude
[75/1025] Updated #75 graveler
[76/1025] Updated #76 golem
[77/1025] Updated #77 ponyta
[78/1025] Updated #78 rapidash
[79/1025] Updated #79 slowpoke
[80/1025] Updated #80 slowbro
[81/1025] Updated #81 magnemite
[82/1025] Updated #82 magneton
[83/1025] Updated #83 farfetchd
[84/1025] Updated #84 doduo
[85/1025] Updated #85 dodrio
[86/1025] Updated #86 seel
[87/1025] Updated #87 dewgong
[88/1025] Updated #88 grimer
[89/1025] Updated #89 muk
[90/1025] Updated #90 shellder
[91/1025] Updated #91 cloyster
[92/1025] Updated #92 gastly
[93/1025] Updated #93 haunter
[94/1025] Updated #94 gengar
[95/1025] Updated #95 onix
[96/1025] Updated #96 drowzee
[97/1025] Updated #97 hypno
[98/1025] Updated #98 krabby
[99/1025] Updated #99 kingler
[100/1025] Updated #100 voltorb
[101/1025] Updated #101 electrode
[102/1025] Updated #102 exeggcute
[103/1025] Updated #103 exeggutor
[104/1025] Updated #104 cubone
[105/1025] Updated #105 marowak
[106/1025] Updated #106 hitmonlee
[107/1025] Updated #107 hitmonchan
[108/1025] Updated #108 lickitung
[109/1025] Updated #109 koffing
[110/1025] Updated #110 weezing
[111/1025] Updated #111 rhyhorn
[112/1025] Updated #112 rhydon
[113/1025] Updated #113 chansey
[114/1025] Updated #114 tangela
[115/1025] Updated #115 kangaskhan
[116/1025] Updated #116 horsea
[117/1025] Updated #117 seadra
[118/1025] Updated #118 goldeen
[119/1025] Updated #119 seaking
[120/1025] Updated #120 staryu
[121/1025] Updated #121 starmie
[122/1025] Updated #122 mr-mime
[123/1025] Updated #123 scyther
[124/1025] Updated #124 jynx
[125/1025] Updated #125 electabuzz
[126/1025] Updated #126 magmar
[127/1025] Updated #127 pinsir
[128/1025] Updated #128 tauros
[129/1025] Updated #129 magikarp
[130/1025] Updated #130 gyarados
[131/1025] Updated #131 lapras
[132/1025] Updated #132 ditto
[133/1025] Updated #133 eevee
[134/1025] Updated #134 vaporeon
[135/1025] Updated #135 jolteon
[136/1025] Updated #136 flareon
[137/1025] Updated #137 porygon
[138/1025] Updated #138 omanyte
[139/1025] Updated #139 omastar
[140/1025] Updated #140 kabuto
[141/1025] Updated #141 kabutops
[142/1025] Updated #142 aerodactyl
[143/1025] Updated #143 snorlax
[144/1025] Updated #144 articuno
[145/1025] Updated #145 zapdos
[146/1025] Updated #146 moltres
[147/1025] Updated #147 dratini
[148/1025] Updated #148 dragonair
[149/1025] Updated #149 dragonite
[150/1025] Updated #150 mewtwo
[151/1025] Updated #151 mew
[152/1025] Updated #152 chikorita
[153/1025] Updated #153 bayleef
[154/1025] Updated #154 meganium
[155/1025] Updated #155 cyndaquil
[156/1025] Updated #156 quilava
[157/1025] Updated #157 typhlosion
[158/1025] Updated #158 totodile
[159/1025] Updated #159 croconaw
[160/1025] Updated #160 feraligatr
[161/1025] Updated #161 sentret
[162/1025] Updated #162 furret
[163/1025] Updated #163 hoothoot
[164/1025] Updated #164 noctowl
[165/1025] Updated #165 ledyba
[166/1025] Updated #166 ledian
[167/1025] Updated #167 spinarak
[168/1025] Updated #168 ariados
[169/1025] Updated #169 crobat
[170/1025] Updated #170 chinchou
[171/1025] Updated #171 lanturn
[172/1025] Updated #172 pichu
[173/1025] Updated #173 cleffa
[174/1025] Updated #174 igglybuff
[175/1025] Updated #175 togepi
[176/1025] Updated #176 togetic
[177/1025] Updated #177 natu
[178/1025] Updated #178 xatu
[179/1025] Updated #179 mareep
[180/1025] Updated #180 flaaffy
[181/1025] Updated #181 ampharos
[182/1025] Updated #182 bellossom
[183/1025] Updated #183 marill
[184/1025] Updated #184 azumarill
[185/1025] Updated #185 sudowoodo
[186/1025] Updated #186 politoed
[187/1025] Updated #187 hoppip
[188/1025] Updated #188 skiploom
[189/1025] Updated #189 jumpluff
[190/1025] Updated #190 aipom
[191/1025] Updated #191 sunkern
[192/1025] Updated #192 sunflora
[193/1025] Updated #193 yanma
[194/1025] Updated #194 wooper
[195/1025] Updated #195 quagsire
[196/1025] Updated #196 espeon
[197/1025] Updated #197 umbreon
[198/1025] Updated #198 murkrow
[199/1025] Updated #199 slowking
[200/1025] Updated #200 misdreavus
[201/1025] Updated #201 unown
[202/1025] Updated #202 wobbuffet
[203/1025] Updated #203 girafarig
[204/1025] Updated #204 pineco
[205/1025] Updated #205 forretress
[206/1025] Updated #206 dunsparce
[207/1025] Updated #207 gligar
[208/1025] Updated #208 steelix
[209/1025] Updated #209 snubbull
[210/1025] Updated #210 granbull
[211/1025] Updated #211 qwilfish
[212/1025] Updated #212 scizor
[213/1025] Updated #213 shuckle
[214/1025] Updated #214 heracross
[215/1025] Updated #215 sneasel
[216/1025] Updated #216 teddiursa
[217/1025] Updated #217 ursaring
[218/1025] Updated #218 slugma
[219/1025] Updated #219 magcargo
[220/1025] Updated #220 swinub
[221/1025] Updated #221 piloswine
[222/1025] Updated #222 corsola
[223/1025] Updated #223 remoraid
[224/1025] Updated #224 octillery
[225/1025] Updated #225 delibird
[226/1025] Updated #226 mantine
[227/1025] Updated #227 skarmory
[228/1025] Updated #228 houndour
[229/1025] Updated #229 houndoom
[230/1025] Updated #230 kingdra
[231/1025] Updated #231 phanpy
[232/1025] Updated #232 donphan
[233/1025] Updated #233 porygon2
[234/1025] Updated #234 stantler
[235/1025] Updated #235 smeargle
[236/1025] Updated #236 tyrogue
[237/1025] Updated #237 hitmontop
[238/1025] Updated #238 smoochum
[239/1025] Updated #239 elekid
[240/1025] Updated #240 magby
[241/1025] Updated #241 miltank
[242/1025] Updated #242 blissey
[243/1025] Updated #243 raikou
[244/1025] Updated #244 entei
[245/1025] Updated #245 suicune
[246/1025] Updated #246 larvitar
[247/1025] Updated #247 pupitar
[248/1025] Updated #248 tyranitar
[249/1025] Updated #249 lugia
[250/1025] Updated #250 ho-oh
[251/1025] Updated #251 celebi
[252/1025] Updated #252 treecko
[253/1025] Updated #253 grovyle
[254/1025] Updated #254 sceptile
[255/1025] Updated #255 torchic
[256/1025] Updated #256 combusken
[257/1025] Updated #257 blaziken
[258/1025] Updated #258 mudkip
[259/1025] Updated #259 marshtomp
[260/1025] Updated #260 swampert
[261/1025] Updated #261 poochyena
[262/1025] Updated #262 mightyena
[263/1025] Updated #263 zigzagoon
[264/1025] Updated #264 linoone
[265/1025] Updated #265 wurmple
[266/1025] Updated #266 silcoon
[267/1025] Updated #267 beautifly
[268/1025] Updated #268 cascoon
[269/1025] Updated #269 dustox
[270/1025] Updated #270 lotad
[271/1025] Updated #271 lombre
[272/1025] Updated #272 ludicolo
[273/1025] Updated #273 seedot
[274/1025] Updated #274 nuzleaf
[275/1025] Updated #275 shiftry
[276/1025] Updated #276 taillow
[277/1025] Updated #277 swellow
[278/1025] Updated #278 wingull
[279/1025] Updated #279 pelipper
[280/1025] Updated #280 ralts
[281/1025] Updated #281 kirlia
[282/1025] Updated #282 gardevoir
[283/1025] Updated #283 surskit
[284/1025] Updated #284 masquerain
[285/1025] Updated #285 shroomish
[286/1025] Updated #286 breloom
[287/1025] Updated #287 slakoth
[288/1025] Updated #288 vigoroth
[289/1025] Updated #289 slaking
[290/1025] Updated #290 nincada
[291/1025] Updated #291 ninjask
[292/1025] Updated #292 shedinja
[293/1025] Updated #293 whismur
[294/1025] Updated #294 loudred
[295/1025] Updated #295 exploud
[296/1025] Updated #296 makuhita
[297/1025] Updated #297 hariyama
[298/1025] Updated #298 azurill
[299/1025] Updated #299 nosepass
[300/1025] Updated #300 skitty
[301/1025] Updated #301 delcatty
[302/1025] Updated #302 sableye
[303/1025] Updated #303 mawile
[304/1025] Updated #304 aron
[305/1025] Updated #305 lairon
[306/1025] Updated #306 aggron
[307/1025] Updated #307 meditite
[308/1025] Updated #308 medicham
[309/1025] Updated #309 electrike
[310/1025] Updated #310 manectric
[311/1025] Updated #311 plusle
[312/1025] Updated #312 minun
[313/1025] Updated #313 volbeat
[314/1025] Updated #314 illumise
[315/1025] Updated #315 roselia
[316/1025] Updated #316 gulpin
[317/1025] Updated #317 swalot
[318/1025] Updated #318 carvanha
[319/1025] Updated #319 sharpedo
[320/1025] Updated #320 wailmer
[321/1025] Updated #321 wailord
[322/1025] Updated #322 numel
[323/1025] Updated #323 camerupt
[324/1025] Updated #324 torkoal
[325/1025] Updated #325 spoink
[326/1025] Updated #326 grumpig
[327/1025] Updated #327 spinda
[328/1025] Updated #328 trapinch
[329/1025] Updated #329 vibrava
[330/1025] Updated #330 flygon
[331/1025] Updated #331 cacnea
[332/1025] Updated #332 cacturne
[333/1025] Updated #333 swablu
[334/1025] Updated #334 altaria
[335/1025] Updated #335 zangoose
[336/1025] Updated #336 seviper
[337/1025] Updated #337 lunatone
[338/1025] Updated #338 solrock
[339/1025] Updated #339 barboach
[340/1025] Updated #340 whiscash
[341/1025] Updated #341 corphish
[342/1025] Updated #342 crawdaunt
[343/1025] Updated #343 baltoy
[344/1025] Updated #344 claydol
[345/1025] Updated #345 lileep
[346/1025] Updated #346 cradily
[347/1025] Updated #347 anorith
[348/1025] Updated #348 armaldo
[349/1025] Updated #349 feebas
[350/1025] Updated #350 milotic
[351/1025] Updated #351 castform
[352/1025] Updated #352 kecleon
[353/1025] Updated #353 shuppet
[354/1025] Updated #354 banette
[355/1025] Updated #355 duskull
[356/1025] Updated #356 dusclops
[357/1025] Updated #357 tropius
[358/1025] Updated #358 chimecho
[359/1025] Updated #359 absol
[360/1025] Updated #360 wynaut
[361/1025] Updated #361 snorunt
[362/1025] Updated #362 glalie
[363/1025] Updated #363 spheal
[364/1025] Updated #364 sealeo
[365/1025] Updated #365 walrein
[366/1025] Updated #366 clamperl
[367/1025] Updated #367 huntail
[368/1025] Updated #368 gorebyss
[369/1025] Updated #369 relicanth
[370/1025] Updated #370 luvdisc
[371/1025] Updated #371 bagon
[372/1025] Updated #372 shelgon
[373/1025] Updated #373 salamence
[374/1025] Updated #374 beldum
[375/1025] Updated #375 metang
[376/1025] Updated #376 metagross
[377/1025] Updated #377 regirock
[378/1025] Updated #378 regice
[379/1025] Updated #379 registeel
[380/1025] Updated #380 latias
[381/1025] Updated #381 latios
[382/1025] Updated #382 kyogre
[383/1025] Updated #383 groudon
[384/1025] Updated #384 rayquaza
[385/1025] Updated #385 jirachi
[386/1025] Updated #386 deoxys-normal
[387/1025] Updated #387 turtwig
[388/1025] Updated #388 grotle
[389/1025] Updated #389 torterra
[390/1025] Updated #390 chimchar
[391/1025] Updated #391 monferno
[392/1025] Updated #392 infernape
[393/1025] Updated #393 piplup
[394/1025] Updated #394 prinplup
[395/1025] Updated #395 empoleon
[396/1025] Updated #396 starly
[397/1025] Updated #397 staravia
[398/1025] Updated #398 staraptor
[399/1025] Updated #399 bidoof
[400/1025] Updated #400 bibarel
[401/1025] Updated #401 kricketot
[402/1025] Updated #402 kricketune
[403/1025] Updated #403 shinx
[404/1025] Updated #404 luxio
[405/1025] Updated #405 luxray
[406/1025] Updated #406 budew
[407/1025] Updated #407 roserade
[408/1025] Updated #408 cranidos
[409/1025] Updated #409 rampardos
[410/1025] Updated #410 shieldon
[411/1025] Updated #411 bastiodon
[412/1025] Updated #412 burmy
[413/1025] Updated #413 wormadam-plant
[414/1025] Updated #414 mothim
[415/1025] Updated #415 combee
[416/1025] Updated #416 vespiquen
[417/1025] Updated #417 pachirisu
[418/1025] Updated #418 buizel
[419/1025] Updated #419 floatzel
[420/1025] Updated #420 cherubi
[421/1025] Updated #421 cherrim
[422/1025] Updated #422 shellos
[423/1025] Updated #423 gastrodon
[424/1025] Updated #424 ambipom
[425/1025] Updated #425 drifloon
[426/1025] Updated #426 drifblim
[427/1025] Updated #427 buneary
[428/1025] Updated #428 lopunny
[429/1025] Updated #429 mismagius
[430/1025] Updated #430 honchkrow
[431/1025] Updated #431 glameow
[432/1025] Updated #432 purugly
[433/1025] Updated #433 chingling
[434/1025] Updated #434 stunky
[435/1025] Updated #435 skuntank
[436/1025] Updated #436 bronzor
[437/1025] Updated #437 bronzong
[438/1025] Updated #438 bonsly
[439/1025] Updated #439 mime-jr
[440/1025] Updated #440 happiny
[441/1025] Updated #441 chatot
[442/1025] Updated #442 spiritomb
[443/1025] Updated #443 gible
[444/1025] Updated #444 gabite
[445/1025] Updated #445 garchomp
[446/1025] Updated #446 munchlax
[447/1025] Updated #447 riolu
[448/1025] Updated #448 lucario
[449/1025] Updated #449 hippopotas
[450/1025] Updated #450 hippowdon
[451/1025] Updated #451 skorupi
[452/1025] Updated #452 drapion
[453/1025] Updated #453 croagunk
[454/1025] Updated #454 toxicroak
[455/1025] Updated #455 carnivine
[456/1025] Updated #456 finneon
[457/1025] Updated #457 lumineon
[458/1025] Updated #458 mantyke
[459/1025] Updated #459 snover
[460/1025] Updated #460 abomasnow
[461/1025] Updated #461 weavile
[462/1025] Updated #462 magnezone
[463/1025] Updated #463 lickilicky
[464/1025] Updated #464 rhyperior
[465/1025] Updated #465 tangrowth
[466/1025] Updated #466 electivire
[467/1025] Updated #467 magmortar
[468/1025] Updated #468 togekiss
[469/1025] Updated #469 yanmega
[470/1025] Updated #470 leafeon
[471/1025] Updated #471 glaceon
[472/1025] Updated #472 gliscor
[473/1025] Updated #473 mamoswine
[474/1025] Updated #474 porygon-z
[475/1025] Updated #475 gallade
[476/1025] Updated #476 probopass
[477/1025] Updated #477 dusknoir
[478/1025] Updated #478 froslass
[479/1025] Updated #479 rotom
[480/1025] Updated #480 uxie
[481/1025] Updated #481 mesprit
[482/1025] Updated #482 azelf
[483/1025] Updated #483 dialga
[484/1025] Updated #484 palkia
[485/1025] Updated #485 heatran
[486/1025] Updated #486 regigigas
[487/1025] Updated #487 giratina-altered
[488/1025] Updated #488 cresselia
[489/1025] Updated #489 phione
[490/1025] Updated #490 manaphy
[491/1025] Updated #491 darkrai
[492/1025] Updated #492 shaymin-land
[493/1025] Updated #493 arceus
[494/1025] Updated #494 victini
[495/1025] Updated #495 snivy
[496/1025] Updated #496 servine
[497/1025] Updated #497 serperior
[498/1025] Updated #498 tepig
[499/1025] Updated #499 pignite
[500/1025] Updated #500 emboar
[501/1025] Updated #501 oshawott
[502/1025] Updated #502 dewott
[503/1025] Updated #503 samurott
[504/1025] Updated #504 patrat
[505/1025] Updated #505 watchog
[506/1025] Updated #506 lillipup
[507/1025] Updated #507 herdier
[508/1025] Updated #508 stoutland
[509/1025] Updated #509 purrloin
[510/1025] Updated #510 liepard
[511/1025] Updated #511 pansage
[512/1025] Updated #512 simisage
[513/1025] Updated #513 pansear
[514/1025] Updated #514 simisear
[515/1025] Updated #515 panpour
[516/1025] Updated #516 simipour
[517/1025] Updated #517 munna
[518/1025] Updated #518 musharna
[519/1025] Updated #519 pidove
[520/1025] Updated #520 tranquill
[521/1025] Updated #521 unfezant
[522/1025] Updated #522 blitzle
[523/1025] Updated #523 zebstrika
[524/1025] Updated #524 roggenrola
[525/1025] Updated #525 boldore
[526/1025] Updated #526 gigalith
[527/1025] Updated #527 woobat
[528/1025] Updated #528 swoobat
[529/1025] Updated #529 drilbur
[530/1025] Updated #530 excadrill
[531/1025] Updated #531 audino
[532/1025] Updated #532 timburr
[533/1025] Updated #533 gurdurr
[534/1025] Updated #534 conkeldurr
[535/1025] Updated #535 tympole
[536/1025] Updated #536 palpitoad
[537/1025] Updated #537 seismitoad
[538/1025] Updated #538 throh
[539/1025] Updated #539 sawk
[540/1025] Updated #540 sewaddle
[541/1025] Updated #541 swadloon
[542/1025] Updated #542 leavanny
[543/1025] Updated #543 venipede
[544/1025] Updated #544 whirlipede
[545/1025] Updated #545 scolipede
[546/1025] Updated #546 cottonee
[547/1025] Updated #547 whimsicott
[548/1025] Updated #548 petilil
[549/1025] Updated #549 lilligant
[550/1025] Updated #550 basculin-red-striped
[551/1025] Updated #551 sandile
[552/1025] Updated #552 krokorok
[553/1025] Updated #553 krookodile
[554/1025] Updated #554 darumaka
[555/1025] Updated #555 darmanitan-standard
[556/1025] Updated #556 maractus
[557/1025] Updated #557 dwebble
[558/1025] Updated #558 crustle
[559/1025] Updated #559 scraggy
[560/1025] Updated #560 scrafty
[561/1025] Updated #561 sigilyph
[562/1025] Updated #562 yamask
[563/1025] Updated #563 cofagrigus
[564/1025] Updated #564 tirtouga
[565/1025] Updated #565 carracosta
[566/1025] Updated #566 archen
[567/1025] Updated #567 archeops
[568/1025] Updated #568 trubbish
[569/1025] Updated #569 garbodor
[570/1025] Updated #570 zorua
[571/1025] Updated #571 zoroark
[572/1025] Updated #572 minccino
[573/1025] Updated #573 cinccino
[574/1025] Updated #574 gothita
[575/1025] Updated #575 gothorita
[576/1025] Updated #576 gothitelle
[577/1025] Updated #577 solosis
[578/1025] Updated #578 duosion
[579/1025] Updated #579 reuniclus
[580/1025] Updated #580 ducklett
[581/1025] Updated #581 swanna
[582/1025] Updated #582 vanillite
[583/1025] Updated #583 vanillish
[584/1025] Updated #584 vanilluxe
[585/1025] Updated #585 deerling
[586/1025] Updated #586 sawsbuck
[587/1025] Updated #587 emolga
[588/1025] Updated #588 karrablast
[589/1025] Updated #589 escavalier
[590/1025] Updated #590 foongus
[591/1025] Updated #591 amoonguss
[592/1025] Updated #592 frillish-male
[593/1025] Updated #593 jellicent-male
[594/1025] Updated #594 alomomola
[595/1025] Updated #595 joltik
[596/1025] Updated #596 galvantula
[597/1025] Updated #597 ferroseed
[598/1025] Updated #598 ferrothorn
[599/1025] Updated #599 klink
[600/1025] Updated #600 klang
[601/1025] Updated #601 klinklang
[602/1025] Updated #602 tynamo
[603/1025] Updated #603 eelektrik
[604/1025] Updated #604 eelektross
[605/1025] Updated #605 elgyem
[606/1025] Updated #606 beheeyem
[607/1025] Updated #607 litwick
[608/1025] Updated #608 lampent
[609/1025] Updated #609 chandelure
[610/1025] Updated #610 axew
[611/1025] Updated #611 fraxure
[612/1025] Updated #612 haxorus
[613/1025] Updated #613 cubchoo
[614/1025] Updated #614 beartic
[615/1025] Updated #615 cryogonal
[616/1025] Updated #616 shelmet
[617/1025] Updated #617 accelgor
[618/1025] Updated #618 stunfisk
[619/1025] Updated #619 mienfoo
[620/1025] Updated #620 mienshao
[621/1025] Updated #621 druddigon
[622/1025] Updated #622 golett
[623/1025] Updated #623 golurk
[624/1025] Updated #624 pawniard
[625/1025] Updated #625 bisharp
[626/1025] Updated #626 bouffalant
[627/1025] Updated #627 rufflet
[628/1025] Updated #628 braviary
[629/1025] Updated #629 vullaby
[630/1025] Updated #630 mandibuzz
[631/1025] Updated #631 heatmor
[632/1025] Updated #632 durant
[633/1025] Updated #633 deino
[634/1025] Updated #634 zweilous
[635/1025] Updated #635 hydreigon
[636/1025] Updated #636 larvesta
[637/1025] Updated #637 volcarona
[638/1025] Updated #638 cobalion
[639/1025] Updated #639 terrakion
[640/1025] Updated #640 virizion
[641/1025] Updated #641 tornadus-incarnate
[642/1025] Updated #642 thundurus-incarnate
[643/1025] Updated #643 reshiram
[644/1025] Updated #644 zekrom
[645/1025] Updated #645 landorus-incarnate
[646/1025] Updated #646 kyurem
[647/1025] Updated #647 keldeo-ordinary
[648/1025] Updated #648 meloetta-aria
[649/1025] Updated #649 genesect
[650/1025] Updated #650 chespin
[651/1025] Updated #651 quilladin
[652/1025] Updated #652 chesnaught
[653/1025] Updated #653 fennekin
[654/1025] Updated #654 braixen
[655/1025] Updated #655 delphox
[656/1025] Updated #656 froakie
[657/1025] Updated #657 frogadier
[658/1025] Updated #658 greninja
[659/1025] Updated #659 bunnelby
[660/1025] Updated #660 diggersby
[661/1025] Updated #661 fletchling
[662/1025] Updated #662 fletchinder
[663/1025] Updated #663 talonflame
[664/1025] Updated #664 scatterbug
[665/1025] Updated #665 spewpa
[666/1025] Updated #666 vivillon
[667/1025] Updated #667 litleo
[668/1025] Updated #668 pyroar-male
[669/1025] Updated #669 flabebe
[670/1025] Updated #670 floette
[671/1025] Updated #671 florges
[672/1025] Updated #672 skiddo
[673/1025] Updated #673 gogoat
[674/1025] Updated #674 pancham
[675/1025] Updated #675 pangoro
[676/1025] Updated #676 furfrou
[677/1025] Updated #677 espurr
[678/1025] Updated #678 meowstic-male
[679/1025] Updated #679 honedge
[680/1025] Updated #680 doublade
[681/1025] Updated #681 aegislash-shield
[682/1025] Updated #682 spritzee
[683/1025] Updated #683 aromatisse
[684/1025] Updated #684 swirlix
[685/1025] Updated #685 slurpuff
[686/1025] Updated #686 inkay
[687/1025] Updated #687 malamar
[688/1025] Updated #688 binacle
[689/1025] Updated #689 barbaracle
[690/1025] Updated #690 skrelp
[691/1025] Updated #691 dragalge
[692/1025] Updated #692 clauncher
[693/1025] Updated #693 clawitzer
[694/1025] Updated #694 helioptile
[695/1025] Updated #695 heliolisk
[696/1025] Updated #696 tyrunt
[697/1025] Updated #697 tyrantrum
[698/1025] Updated #698 amaura
[699/1025] Updated #699 aurorus
[700/1025] Updated #700 sylveon
[701/1025] Updated #701 hawlucha
[702/1025] Updated #702 dedenne
[703/1025] Updated #703 carbink
[704/1025] Updated #704 goomy
[705/1025] Updated #705 sliggoo
[706/1025] Updated #706 goodra
[707/1025] Updated #707 klefki
[708/1025] Updated #708 phantump
[709/1025] Updated #709 trevenant
[710/1025] Updated #710 pumpkaboo-average
[711/1025] Updated #711 gourgeist-average
[712/1025] Updated #712 bergmite
[713/1025] Updated #713 avalugg
[714/1025] Updated #714 noibat
[715/1025] Updated #715 noivern
[716/1025] Updated #716 xerneas
[717/1025] Updated #717 yveltal
[718/1025] Updated #718 zygarde-50
[719/1025] Updated #719 diancie
[720/1025] Updated #720 hoopa
[721/1025] Updated #721 volcanion
[722/1025] Updated #722 rowlet
[723/1025] Updated #723 dartrix
[724/1025] Updated #724 decidueye
[725/1025] Updated #725 litten
[726/1025] Updated #726 torracat
[727/1025] Updated #727 incineroar
[728/1025] Updated #728 popplio
[729/1025] Updated #729 brionne
[730/1025] Updated #730 primarina
[731/1025] Updated #731 pikipek
[732/1025] Updated #732 trumbeak
[733/1025] Updated #733 toucannon
[734/1025] Updated #734 yungoos
[735/1025] Updated #735 gumshoos
[736/1025] Updated #736 grubbin
[737/1025] Updated #737 charjabug
[738/1025] Updated #738 vikavolt
[739/1025] Updated #739 crabrawler
[740/1025] Updated #740 crabominable
[741/1025] Updated #741 oricorio-baile
[742/1025] Updated #742 cutiefly
[743/1025] Updated #743 ribombee
[744/1025] Updated #744 rockruff
[745/1025] Updated #745 lycanroc-midday
[746/1025] Updated #746 wishiwashi-solo
[747/1025] Updated #747 mareanie
[748/1025] Updated #748 toxapex
[749/1025] Updated #749 mudbray
[750/1025] Updated #750 mudsdale
[751/1025] Updated #751 dewpider
[752/1025] Updated #752 araquanid
[753/1025] Updated #753 fomantis
[754/1025] Updated #754 lurantis
[755/1025] Updated #755 morelull
[756/1025] Updated #756 shiinotic
[757/1025] Updated #757 salandit
[758/1025] Updated #758 salazzle
[759/1025] Updated #759 stufful
[760/1025] Updated #760 bewear
[761/1025] Updated #761 bounsweet
[762/1025] Updated #762 steenee
[763/1025] Updated #763 tsareena
[764/1025] Updated #764 comfey
[765/1025] Updated #765 oranguru
[766/1025] Updated #766 passimian
[767/1025] Updated #767 wimpod
[768/1025] Updated #768 golisopod
[769/1025] Updated #769 sandygast
[770/1025] Updated #770 palossand
[771/1025] Updated #771 pyukumuku
[772/1025] Updated #772 type-null
[773/1025] Updated #773 silvally
[774/1025] Updated #774 minior-red-meteor
[775/1025] Updated #775 komala
[776/1025] Updated #776 turtonator
[777/1025] Updated #777 togedemaru
[778/1025] Updated #778 mimikyu-disguised
[779/1025] Updated #779 bruxish
[780/1025] Updated #780 drampa
[781/1025] Updated #781 dhelmise
[782/1025] Updated #782 jangmo-o
[783/1025] Updated #783 hakamo-o
[784/1025] Updated #784 kommo-o
[785/1025] Updated #785 tapu-koko
[786/1025] Updated #786 tapu-lele
[787/1025] Updated #787 tapu-bulu
[788/1025] Updated #788 tapu-fini
[789/1025] Updated #789 cosmog
[790/1025] Updated #790 cosmoem
[791/1025] Updated #791 solgaleo
[792/1025] Updated #792 lunala
[793/1025] Updated #793 nihilego
[794/1025] Updated #794 buzzwole
[795/1025] Updated #795 pheromosa
[796/1025] Updated #796 xurkitree
[797/1025] Updated #797 celesteela
[798/1025] Updated #798 kartana
[799/1025] Updated #799 guzzlord
[800/1025] Updated #800 necrozma
[801/1025] Updated #801 magearna
[802/1025] Updated #802 marshadow
[803/1025] Updated #803 poipole
[804/1025] Updated #804 naganadel
[805/1025] Updated #805 stakataka
[806/1025] Updated #806 blacephalon
[807/1025] Updated #807 zeraora
[808/1025] Updated #808 meltan
[809/1025] Updated #809 melmetal
[810/1025] Updated #810 grookey
[811/1025] Updated #811 thwackey
[812/1025] Updated #812 rillaboom
[813/1025] Updated #813 scorbunny
[814/1025] Updated #814 raboot
[815/1025] Updated #815 cinderace
[816/1025] Updated #816 sobble
[817/1025] Updated #817 drizzile
[818/1025] Updated #818 inteleon
[819/1025] Updated #819 skwovet
[820/1025] Updated #820 greedent
[821/1025] Updated #821 rookidee
[822/1025] Updated #822 corvisquire
[823/1025] Updated #823 corviknight
[824/1025] Updated #824 blipbug
[825/1025] Updated #825 dottler
[826/1025] Updated #826 orbeetle
[827/1025] Updated #827 nickit
[828/1025] Updated #828 thievul
[829/1025] Updated #829 gossifleur
[830/1025] Updated #830 eldegoss
[831/1025] Updated #831 wooloo
[832/1025] Updated #832 dubwool
[833/1025] Updated #833 chewtle
[834/1025] Updated #834 drednaw
[835/1025] Updated #835 yamper
[836/1025] Updated #836 boltund
[837/1025] Updated #837 rolycoly
[838/1025] Updated #838 carkol
[839/1025] Updated #839 coalossal
[840/1025] Updated #840 applin
[841/1025] Updated #841 flapple
[842/1025] Updated #842 appletun
[843/1025] Updated #843 silicobra
[844/1025] Updated #844 sandaconda
[845/1025] Updated #845 cramorant
[846/1025] Updated #846 arrokuda
[847/1025] Updated #847 barraskewda
[848/1025] Updated #848 toxel
[849/1025] Updated #849 toxtricity-amped
[850/1025] Updated #850 sizzlipede
[851/1025] Updated #851 centiskorch
[852/1025] Updated #852 clobbopus
[853/1025] Updated #853 grapploct
[854/1025] Updated #854 sinistea
[855/1025] Updated #855 polteageist
[856/1025] Updated #856 hatenna
[857/1025] Updated #857 hattrem
[858/1025] Updated #858 hatterene
[859/1025] Updated #859 impidimp
[860/1025] Updated #860 morgrem
[861/1025] Updated #861 grimmsnarl
[862/1025] Updated #862 obstagoon
[863/1025] Updated #863 perrserker
[864/1025] Updated #864 cursola
[865/1025] Updated #865 sirfetchd
[866/1025] Updated #866 mr-rime
[867/1025] Updated #867 runerigus
[868/1025] Updated #868 milcery
[869/1025] Updated #869 alcremie
[870/1025] Updated #870 falinks
[871/1025] Updated #871 pincurchin
[872/1025] Updated #872 snom
[873/1025] Updated #873 frosmoth
[874/1025] Updated #874 stonjourner
[875/1025] Updated #875 eiscue-ice
[876/1025] Updated #876 indeedee-male
[877/1025] Updated #877 morpeko-full-belly
[878/1025] Updated #878 cufant
[879/1025] Updated #879 copperajah
[880/1025] Updated #880 dracozolt
[881/1025] Updated #881 arctozolt
[882/1025] Updated #882 dracovish
[883/1025] Updated #883 arctovish
[884/1025] Updated #884 duraludon
[885/1025] Updated #885 dreepy
[886/1025] Updated #886 drakloak
[887/1025] Updated #887 dragapult
[888/1025] Updated #888 zacian
[889/1025] Updated #889 zamazenta
[890/1025] Updated #890 eternatus
[891/1025] Updated #891 kubfu
[892/1025] Updated #892 urshifu-single-strike
[893/1025] Updated #893 zarude
[894/1025] Updated #894 regieleki
[895/1025] Updated #895 regidrago
[896/1025] Updated #896 glastrier
[897/1025] Updated #897 spectrier
[898/1025] Updated #898 calyrex
[899/1025] Updated #899 wyrdeer
[900/1025] Updated #900 kleavor
[901/1025] Updated #901 ursaluna
[902/1025] Updated #902 basculegion-male
[903/1025] Updated #903 sneasler
[904/1025] Updated #904 overqwil
[905/1025] Updated #905 enamorus-incarnate
[906/1025] Updated #906 sprigatito
[907/1025] Updated #907 floragato
[908/1025] Updated #908 meowscarada
[909/1025] Updated #909 fuecoco
[910/1025] Updated #910 crocalor
[911/1025] Updated #911 skeledirge
[912/1025] Updated #912 quaxly
[913/1025] Updated #913 quaxwell
[914/1025] Updated #914 quaquaval
[915/1025] Updated #915 lechonk
[916/1025] Updated #916 oinkologne-male
[917/1025] Updated #917 tarountula
[918/1025] Updated #918 spidops
[919/1025] Updated #919 nymble
[920/1025] Updated #920 lokix
[921/1025] Updated #921 pawmi
[922/1025] Updated #922 pawmo
[923/1025] Updated #923 pawmot
[924/1025] Updated #924 tandemaus
[925/1025] Updated #925 maushold-family-of-four
[926/1025] Updated #926 fidough
[927/1025] Updated #927 dachsbun
[928/1025] Updated #928 smoliv
[929/1025] Updated #929 dolliv
[930/1025] Updated #930 arboliva
[931/1025] Updated #931 squawkabilly-green-plumage
[932/1025] Updated #932 nacli
[933/1025] Updated #933 naclstack
[934/1025] Updated #934 garganacl
[935/1025] Updated #935 charcadet
[936/1025] Updated #936 armarouge
[937/1025] Updated #937 ceruledge
[938/1025] Updated #938 tadbulb
[939/1025] Updated #939 bellibolt
[940/1025] Updated #940 wattrel
[941/1025] Updated #941 kilowattrel
[942/1025] Updated #942 maschiff
[943/1025] Updated #943 mabosstiff
[944/1025] Updated #944 shroodle
[945/1025] Updated #945 grafaiai
[946/1025] Updated #946 bramblin
[947/1025] Updated #947 brambleghast
[948/1025] Updated #948 toedscool
[949/1025] Updated #949 toedscruel
[950/1025] Updated #950 klawf
[951/1025] Updated #951 capsakid
[952/1025] Updated #952 scovillain
[953/1025] Updated #953 rellor
[954/1025] Updated #954 rabsca
[955/1025] Updated #955 flittle
[956/1025] Updated #956 espathra
[957/1025] Updated #957 tinkatink
[958/1025] Updated #958 tinkatuff
[959/1025] Updated #959 tinkaton
[960/1025] Updated #960 wiglett
[961/1025] Updated #961 wugtrio
[962/1025] Updated #962 bombirdier
[963/1025] Updated #963 finizen
[964/1025] Updated #964 palafin-zero
[965/1025] Updated #965 varoom
[966/1025] Updated #966 revavroom
[967/1025] Updated #967 cyclizar
[968/1025] Updated #968 orthworm
[969/1025] Updated #969 glimmet
[970/1025] Updated #970 glimmora
[971/1025] Updated #971 greavard
[972/1025] Updated #972 houndstone
[973/1025] Updated #973 flamigo
[974/1025] Updated #974 cetoddle
[975/1025] Updated #975 cetitan
[976/1025] Updated #976 veluza
[977/1025] Updated #977 dondozo
[978/1025] Updated #978 tatsugiri-curly
[979/1025] Updated #979 annihilape
[980/1025] Updated #980 clodsire
[981/1025] Updated #981 farigiraf
[982/1025] Updated #982 dudunsparce-two-segment
[983/1025] Updated #983 kingambit
[984/1025] Updated #984 great-tusk
[985/1025] Updated #985 scream-tail
[986/1025] Updated #986 brute-bonnet
[987/1025] Updated #987 flutter-mane
[988/1025] Updated #988 slither-wing
[989/1025] Updated #989 sandy-shocks
[990/1025] Updated #990 iron-treads
[991/1025] Updated #991 iron-bundle
[992/1025] Updated #992 iron-hands
[993/1025] Updated #993 iron-jugulis
[994/1025] Updated #994 iron-moth
[995/1025] Updated #995 iron-thorns
[996/1025] Updated #996 frigibax
[997/1025] Updated #997 arctibax
[998/1025] Updated #998 baxcalibur
[999/1025] Updated #999 gimmighoul
[1000/1025] Updated #1000 gholdengo
[1001/1025] Updated #1001 wo-chien
[1002/1025] Updated #1002 chien-pao
[1003/1025] Updated #1003 ting-lu
[1004/1025] Updated #1004 chi-yu
[1005/1025] Updated #1005 roaring-moon
[1006/1025] Updated #1006 iron-valiant
[1007/1025] Updated #1007 koraidon
[1008/1025] Updated #1008 miraidon
[1009/1025] Updated #1009 walking-wake
[1010/1025] Updated #1010 iron-leaves
[1011/1025] Updated #1011 dipplin
[1012/1025] Updated #1012 poltchageist
[1013/1025] Updated #1013 sinistcha
[1014/1025] Updated #1014 okidogi
[1015/1025] Updated #1015 munkidori
[1016/1025] Updated #1016 fezandipiti
[1017/1025] Updated #1017 ogerpon
[1018/1025] Updated #1018 archaludon
[1019/1025] Updated #1019 hydrapple
[1020/1025] Updated #1020 gouging-fire
[1021/1025] Updated #1021 raging-bolt
[1022/1025] Updated #1022 iron-boulder
[1023/1025] Updated #1023 iron-crown
[1024/1025] Updated #1024 terapagos
[1025/1025] Updated #1025 pecharunt
Done. 1025 Pokémon synchronized.
